<?xml version="1.0" encoding="UTF-8"?>
<!-- Generated by org.testng.reporters.JUnitXMLReporter -->
<testsuite ignored="2" hostname="DESKTOP-6MJ0RJ1" failures="0" tests="1" name="Test" time="111.356" errors="0" timestamp="2023-03-13T11:43:42 IST">
  <testcase classname="testcase4.AddToCartRegionalRegression" name="AddToCartByVariousMethodAndDelete2Test" time="64.466"/>
  <testcase classname="testcase4.AddToCartRegionalRegression" name="AddToCartByVariousMethodAndDeleteTest" time="0.0">
    <ignored/>
  </testcase> <!-- AddToCartByVariousMethodAndDeleteTest -->
  <testcase classname="testcase4.AddToCartRegionalRegression" name="AddtoCartIphoneAndDeleteTest" time="0.0">
    <ignored/>
  </testcase> <!-- AddtoCartIphoneAndDeleteTest -->
</testsuite> <!-- Test -->
