<?xml version="1.0" encoding="UTF-8"?>
<testng-results ignored="2" total="3" passed="1" failed="0" skipped="0">
  <reporter-output>
  </reporter-output>
  <suite started-at="2023-03-13T11:41:51 IST" name="Suite" finished-at="2023-03-13T11:43:42 IST" duration-ms="111356">
    <groups>
    </groups>
    <test started-at="2023-03-13T11:41:51 IST" name="Test" finished-at="2023-03-13T11:43:42 IST" duration-ms="111356">
      <class name="testcase4.AddToCartRegionalRegression">
        <test-method is-config="true" signature="BS()[pri:0, instance:testcase4.AddToCartRegionalRegression@6adbc9d]" started-at="2023-03-13T11:41:51 IST" name="BS" finished-at="2023-03-13T11:41:51 IST" duration-ms="12" status="PASS">
          <reporter-output>
          </reporter-output>
        </test-method> <!-- BS -->
        <test-method is-config="true" signature="BT()[pri:0, instance:testcase4.AddToCartRegionalRegression@6adbc9d]" started-at="2023-03-13T11:41:51 IST" name="BT" finished-at="2023-03-13T11:41:51 IST" duration-ms="1" status="PASS">
          <reporter-output>
          </reporter-output>
        </test-method> <!-- BT -->
        <test-method is-config="true" signature="BC()[pri:0, instance:testcase4.AddToCartRegionalRegression@6adbc9d]" started-at="2023-03-13T11:41:51 IST" name="BC" finished-at="2023-03-13T11:42:06 IST" duration-ms="14957" status="PASS">
          <reporter-output>
          </reporter-output>
        </test-method> <!-- BC -->
        <test-method is-config="true" signature="BM()[pri:0, instance:testcase4.AddToCartRegionalRegression@6adbc9d]" started-at="2023-03-13T11:42:06 IST" name="BM" finished-at="2023-03-13T11:42:27 IST" duration-ms="21768" status="PASS">
          <reporter-output>
          </reporter-output>
        </test-method> <!-- BM -->
        <test-method signature="AddToCartByVariousMethodAndDelete2Test()[pri:0, instance:testcase4.AddToCartRegionalRegression@6adbc9d]" started-at="2023-03-13T11:42:27 IST" name="AddToCartByVariousMethodAndDelete2Test" finished-at="2023-03-13T11:43:32 IST" duration-ms="64466" status="PASS">
          <reporter-output>
          </reporter-output>
        </test-method> <!-- AddToCartByVariousMethodAndDelete2Test -->
        <test-method is-config="true" signature="AM()[pri:0, instance:testcase4.AddToCartRegionalRegression@6adbc9d]" started-at="2023-03-13T11:43:32 IST" name="AM" finished-at="2023-03-13T11:43:42 IST" duration-ms="9579" status="PASS">
          <reporter-output>
          </reporter-output>
        </test-method> <!-- AM -->
        <test-method is-config="true" signature="AC()[pri:0, instance:testcase4.AddToCartRegionalRegression@6adbc9d]" started-at="2023-03-13T11:43:42 IST" name="AC" finished-at="2023-03-13T11:43:42 IST" duration-ms="1" status="PASS">
          <reporter-output>
          </reporter-output>
        </test-method> <!-- AC -->
        <test-method is-config="true" signature="AT()[pri:0, instance:testcase4.AddToCartRegionalRegression@6adbc9d]" started-at="2023-03-13T11:43:42 IST" name="AT" finished-at="2023-03-13T11:43:42 IST" duration-ms="1" status="PASS">
          <reporter-output>
          </reporter-output>
        </test-method> <!-- AT -->
        <test-method is-config="true" signature="AS()[pri:0, instance:testcase4.AddToCartRegionalRegression@6adbc9d]" started-at="2023-03-13T11:43:43 IST" name="AS" finished-at="2023-03-13T11:43:43 IST" duration-ms="2" status="PASS">
          <reporter-output>
          </reporter-output>
        </test-method> <!-- AS -->
      </class> <!-- testcase4.AddToCartRegionalRegression -->
    </test> <!-- Test -->
  </suite> <!-- Suite -->
</testng-results>
